{"C:\\Users\\91962\\Documents\\CreateMyTrip\\authentication\\authenticationService.js": {"path":"C:\\Users\\91962\\Documents\\CreateMyTrip\\authentication\\authenticationService.js","statementMap":{"0":{"start":{"line":1,"column":12},"end":{"line":1,"column":35}},"1":{"start":{"line":2,"column":17},"end":{"line":2,"column":53}},"2":{"start":{"line":3,"column":19},"end":{"line":3,"column":59}},"3":{"start":{"line":4,"column":13},"end":{"line":4,"column":44}},"4":{"start":{"line":6,"column":0},"end":{"line":25,"column":3}},"5":{"start":{"line":8,"column":2},"end":{"line":13,"column":3}},"6":{"start":{"line":12,"column":4},"end":{"line":12,"column":52}},"7":{"start":{"line":15,"column":2},"end":{"line":17,"column":3}},"8":{"start":{"line":16,"column":4},"end":{"line":16,"column":57}},"9":{"start":{"line":18,"column":20},"end":{"line":18,"column":61}},"10":{"start":{"line":19,"column":15},"end":{"line":19,"column":44}},"11":{"start":{"line":20,"column":2},"end":{"line":22,"column":3}},"12":{"start":{"line":21,"column":4},"end":{"line":21,"column":58}},"13":{"start":{"line":23,"column":2},"end":{"line":23,"column":18}},"14":{"start":{"line":24,"column":2},"end":{"line":24,"column":9}},"15":{"start":{"line":27,"column":0},"end":{"line":34,"column":2}},"16":{"start":{"line":28,"column":2},"end":{"line":33,"column":4}},"17":{"start":{"line":29,"column":4},"end":{"line":31,"column":5}},"18":{"start":{"line":30,"column":6},"end":{"line":30,"column":66}},"19":{"start":{"line":32,"column":4},"end":{"line":32,"column":11}}},"fnMap":{"0":{"name":"(anonymous_0)","decl":{"start":{"line":6,"column":29},"end":{"line":6,"column":30}},"loc":{"start":{"line":6,"column":55},"end":{"line":25,"column":1}},"line":6},"1":{"name":"(anonymous_1)","decl":{"start":{"line":27,"column":21},"end":{"line":27,"column":22}},"loc":{"start":{"line":27,"column":35},"end":{"line":34,"column":1}},"line":27},"2":{"name":"(anonymous_2)","decl":{"start":{"line":28,"column":9},"end":{"line":28,"column":10}},"loc":{"start":{"line":28,"column":29},"end":{"line":33,"column":3}},"line":28}},"branchMap":{"0":{"loc":{"start":{"line":8,"column":2},"end":{"line":13,"column":3}},"type":"if","locations":[{"start":{"line":8,"column":2},"end":{"line":13,"column":3}},{"start":{},"end":{}}],"line":8},"1":{"loc":{"start":{"line":9,"column":4},"end":{"line":10,"column":50}},"type":"binary-expr","locations":[{"start":{"line":9,"column":4},"end":{"line":9,"column":29}},{"start":{"line":10,"column":4},"end":{"line":10,"column":50}}],"line":9},"2":{"loc":{"start":{"line":15,"column":2},"end":{"line":17,"column":3}},"type":"if","locations":[{"start":{"line":15,"column":2},"end":{"line":17,"column":3}},{"start":{},"end":{}}],"line":15},"3":{"loc":{"start":{"line":20,"column":2},"end":{"line":22,"column":3}},"type":"if","locations":[{"start":{"line":20,"column":2},"end":{"line":22,"column":3}},{"start":{},"end":{}}],"line":20},"4":{"loc":{"start":{"line":29,"column":4},"end":{"line":31,"column":5}},"type":"if","locations":[{"start":{"line":29,"column":4},"end":{"line":31,"column":5}},{"start":{},"end":{}}],"line":29}},"s":{"0":1,"1":1,"2":1,"3":1,"4":1,"5":3,"6":2,"7":3,"8":1,"9":2,"10":2,"11":2,"12":1,"13":1,"14":1,"15":1,"16":2,"17":2,"18":1,"19":1},"f":{"0":3,"1":2,"2":2},"b":{"0":[2,1],"1":[3,3],"2":[1,2],"3":[1,1],"4":[1,1]},"_coverageSchema":"1a1c01bbd47fc00a2c39e90264f33305004495a9","hash":"974aca5d538b6b7f085604a0ad874125b40beaf8"}
,"C:\\Users\\91962\\Documents\\CreateMyTrip\\bookings\\bookingsController.js": {"path":"C:\\Users\\91962\\Documents\\CreateMyTrip\\bookings\\bookingsController.js","statementMap":{"0":{"start":{"line":1,"column":24},"end":{"line":1,"column":52}},"1":{"start":{"line":2,"column":19},"end":{"line":2,"column":59}},"2":{"start":{"line":3,"column":17},"end":{"line":3,"column":53}},"3":{"start":{"line":5,"column":0},"end":{"line":19,"column":3}},"4":{"start":{"line":6,"column":21},"end":{"line":6,"column":59}},"5":{"start":{"line":7,"column":2},"end":{"line":18,"column":3}},"6":{"start":{"line":8,"column":4},"end":{"line":8,"column":52}},"7":{"start":{"line":10,"column":36},"end":{"line":10,"column":51}},"8":{"start":{"line":11,"column":4},"end":{"line":17,"column":7}},"9":{"start":{"line":21,"column":0},"end":{"line":32,"column":3}},"10":{"start":{"line":22,"column":27},"end":{"line":22,"column":61}},"11":{"start":{"line":23,"column":2},"end":{"line":31,"column":3}},"12":{"start":{"line":24,"column":4},"end":{"line":28,"column":7}},"13":{"start":{"line":30,"column":4},"end":{"line":30,"column":64}}},"fnMap":{"0":{"name":"(anonymous_0)","decl":{"start":{"line":5,"column":33},"end":{"line":5,"column":34}},"loc":{"start":{"line":5,"column":59},"end":{"line":19,"column":1}},"line":5},"1":{"name":"(anonymous_1)","decl":{"start":{"line":21,"column":32},"end":{"line":21,"column":33}},"loc":{"start":{"line":21,"column":58},"end":{"line":32,"column":1}},"line":21}},"branchMap":{"0":{"loc":{"start":{"line":7,"column":2},"end":{"line":18,"column":3}},"type":"if","locations":[{"start":{"line":7,"column":2},"end":{"line":18,"column":3}},{"start":{"line":9,"column":9},"end":{"line":18,"column":3}}],"line":7},"1":{"loc":{"start":{"line":23,"column":2},"end":{"line":31,"column":3}},"type":"if","locations":[{"start":{"line":23,"column":2},"end":{"line":31,"column":3}},{"start":{"line":29,"column":9},"end":{"line":31,"column":3}}],"line":23}},"s":{"0":1,"1":1,"2":1,"3":1,"4":2,"5":2,"6":1,"7":1,"8":1,"9":1,"10":2,"11":2,"12":1,"13":1},"f":{"0":2,"1":2},"b":{"0":[1,1],"1":[1,1]},"_coverageSchema":"1a1c01bbd47fc00a2c39e90264f33305004495a9","hash":"824f05271ef3a9a2fcdc7ddd0c7438f6d4539b69"}
,"C:\\Users\\91962\\Documents\\CreateMyTrip\\bookings\\bookingsModel.js": {"path":"C:\\Users\\91962\\Documents\\CreateMyTrip\\bookings\\bookingsModel.js","statementMap":{"0":{"start":{"line":1,"column":17},"end":{"line":1,"column":36}},"1":{"start":{"line":2,"column":23},"end":{"line":17,"column":2}},"2":{"start":{"line":19,"column":17},"end":{"line":19,"column":59}},"3":{"start":{"line":20,"column":0},"end":{"line":20,"column":26}}},"fnMap":{},"branchMap":{},"s":{"0":2,"1":2,"2":2,"3":2},"f":{},"b":{},"_coverageSchema":"1a1c01bbd47fc00a2c39e90264f33305004495a9","hash":"7f4dd26e84c28e83ae740baf2d2ae337827488f3"}
,"C:\\Users\\91962\\Documents\\CreateMyTrip\\bookings\\bookingsService.js": {"path":"C:\\Users\\91962\\Documents\\CreateMyTrip\\bookings\\bookingsService.js","statementMap":{"0":{"start":{"line":1,"column":17},"end":{"line":1,"column":43}},"1":{"start":{"line":3,"column":0},"end":{"line":9,"column":2}},"2":{"start":{"line":4,"column":21},"end":{"line":4,"column":40}},"3":{"start":{"line":5,"column":2},"end":{"line":8,"column":3}},"4":{"start":{"line":6,"column":23},"end":{"line":6,"column":48}},"5":{"start":{"line":7,"column":4},"end":{"line":7,"column":22}},"6":{"start":{"line":11,"column":0},"end":{"line":13,"column":2}},"7":{"start":{"line":12,"column":2},"end":{"line":12,"column":31}}},"fnMap":{"0":{"name":"(anonymous_0)","decl":{"start":{"line":3,"column":22},"end":{"line":3,"column":23}},"loc":{"start":{"line":3,"column":37},"end":{"line":9,"column":1}},"line":3},"1":{"name":"(anonymous_1)","decl":{"start":{"line":11,"column":21},"end":{"line":11,"column":22}},"loc":{"start":{"line":11,"column":33},"end":{"line":13,"column":1}},"line":11}},"branchMap":{"0":{"loc":{"start":{"line":5,"column":2},"end":{"line":8,"column":3}},"type":"if","locations":[{"start":{"line":5,"column":2},"end":{"line":8,"column":3}},{"start":{},"end":{}}],"line":5},"1":{"loc":{"start":{"line":5,"column":6},"end":{"line":5,"column":41}},"type":"binary-expr","locations":[{"start":{"line":5,"column":6},"end":{"line":5,"column":21}},{"start":{"line":5,"column":25},"end":{"line":5,"column":41}}],"line":5}},"s":{"0":2,"1":2,"2":2,"3":2,"4":1,"5":1,"6":2,"7":1},"f":{"0":2,"1":1},"b":{"0":[1,1],"1":[2,2]},"_coverageSchema":"1a1c01bbd47fc00a2c39e90264f33305004495a9","hash":"92f0693b4772a5f34083a0211c3299c54de2a691"}
,"C:\\Users\\91962\\Documents\\CreateMyTrip\\errorHandling\\appError.js": {"path":"C:\\Users\\91962\\Documents\\CreateMyTrip\\errorHandling\\appError.js","statementMap":{"0":{"start":{"line":3,"column":4},"end":{"line":3,"column":19}},"1":{"start":{"line":4,"column":4},"end":{"line":4,"column":33}},"2":{"start":{"line":8,"column":0},"end":{"line":8,"column":26}}},"fnMap":{"0":{"name":"(anonymous_0)","decl":{"start":{"line":2,"column":2},"end":{"line":2,"column":3}},"loc":{"start":{"line":2,"column":35},"end":{"line":5,"column":3}},"line":2}},"branchMap":{},"s":{"0":14,"1":14,"2":4},"f":{"0":14},"b":{},"_coverageSchema":"1a1c01bbd47fc00a2c39e90264f33305004495a9","hash":"20cd91de35f0a5fba86db06aa3416537be173b74"}
,"C:\\Users\\91962\\Documents\\CreateMyTrip\\errorHandling\\catchAsync.js": {"path":"C:\\Users\\91962\\Documents\\CreateMyTrip\\errorHandling\\catchAsync.js","statementMap":{"0":{"start":{"line":1,"column":0},"end":{"line":5,"column":2}},"1":{"start":{"line":2,"column":2},"end":{"line":4,"column":4}},"2":{"start":{"line":3,"column":4},"end":{"line":3,"column":42}}},"fnMap":{"0":{"name":"(anonymous_0)","decl":{"start":{"line":1,"column":17},"end":{"line":1,"column":18}},"loc":{"start":{"line":1,"column":25},"end":{"line":5,"column":1}},"line":1},"1":{"name":"(anonymous_1)","decl":{"start":{"line":2,"column":9},"end":{"line":2,"column":10}},"loc":{"start":{"line":2,"column":29},"end":{"line":4,"column":3}},"line":2}},"branchMap":{},"s":{"0":4,"1":6,"2":11},"f":{"0":6,"1":11},"b":{},"_coverageSchema":"1a1c01bbd47fc00a2c39e90264f33305004495a9","hash":"5ad2382ccaaddc7b8e311958bdf5cc0921eb0459"}
,"C:\\Users\\91962\\Documents\\CreateMyTrip\\users\\userController.js": {"path":"C:\\Users\\91962\\Documents\\CreateMyTrip\\users\\userController.js","statementMap":{"0":{"start":{"line":1,"column":18},"end":{"line":1,"column":42}},"1":{"start":{"line":2,"column":19},"end":{"line":2,"column":59}},"2":{"start":{"line":3,"column":17},"end":{"line":3,"column":55}},"3":{"start":{"line":5,"column":0},"end":{"line":14,"column":3}},"4":{"start":{"line":6,"column":16},"end":{"line":6,"column":53}},"5":{"start":{"line":7,"column":2},"end":{"line":13,"column":3}},"6":{"start":{"line":8,"column":4},"end":{"line":8,"column":48}},"7":{"start":{"line":10,"column":4},"end":{"line":12,"column":7}}},"fnMap":{"0":{"name":"(anonymous_0)","decl":{"start":{"line":5,"column":27},"end":{"line":5,"column":28}},"loc":{"start":{"line":5,"column":53},"end":{"line":14,"column":1}},"line":5}},"branchMap":{"0":{"loc":{"start":{"line":7,"column":2},"end":{"line":13,"column":3}},"type":"if","locations":[{"start":{"line":7,"column":2},"end":{"line":13,"column":3}},{"start":{"line":9,"column":9},"end":{"line":13,"column":3}}],"line":7}},"s":{"0":1,"1":1,"2":1,"3":1,"4":2,"5":2,"6":1,"7":1},"f":{"0":2},"b":{"0":[1,1]},"_coverageSchema":"1a1c01bbd47fc00a2c39e90264f33305004495a9","hash":"2932593cc1129024ad7f24ddeff58d5bdebb4de8"}
,"C:\\Users\\91962\\Documents\\CreateMyTrip\\users\\userModel.js": {"path":"C:\\Users\\91962\\Documents\\CreateMyTrip\\users\\userModel.js","statementMap":{"0":{"start":{"line":1,"column":17},"end":{"line":1,"column":36}},"1":{"start":{"line":2,"column":18},"end":{"line":2,"column":38}},"2":{"start":{"line":4,"column":19},"end":{"line":15,"column":2}},"3":{"start":{"line":17,"column":14},"end":{"line":17,"column":49}},"4":{"start":{"line":18,"column":0},"end":{"line":18,"column":23}}},"fnMap":{},"branchMap":{},"s":{"0":3,"1":3,"2":3,"3":3,"4":3},"f":{},"b":{},"_coverageSchema":"1a1c01bbd47fc00a2c39e90264f33305004495a9","hash":"8d2b866bae935ce1bfac5a4ad76d18bd0102e5de"}
,"C:\\Users\\91962\\Documents\\CreateMyTrip\\users\\userService.js": {"path":"C:\\Users\\91962\\Documents\\CreateMyTrip\\users\\userService.js","statementMap":{"0":{"start":{"line":1,"column":12},"end":{"line":1,"column":35}},"1":{"start":{"line":2,"column":18},"end":{"line":2,"column":38}},"2":{"start":{"line":3,"column":13},"end":{"line":3,"column":44}},"3":{"start":{"line":4,"column":17},"end":{"line":4,"column":55}},"4":{"start":{"line":6,"column":0},"end":{"line":15,"column":2}},"5":{"start":{"line":7,"column":16},"end":{"line":7,"column":32}},"6":{"start":{"line":8,"column":2},"end":{"line":14,"column":3}},"7":{"start":{"line":9,"column":17},"end":{"line":9,"column":46}},"8":{"start":{"line":10,"column":4},"end":{"line":12,"column":5}},"9":{"start":{"line":11,"column":6},"end":{"line":11,"column":60}},"10":{"start":{"line":13,"column":4},"end":{"line":13,"column":55}}},"fnMap":{"0":{"name":"(anonymous_0)","decl":{"start":{"line":6,"column":16},"end":{"line":6,"column":17}},"loc":{"start":{"line":6,"column":42},"end":{"line":15,"column":1}},"line":6}},"branchMap":{"0":{"loc":{"start":{"line":8,"column":2},"end":{"line":14,"column":3}},"type":"if","locations":[{"start":{"line":8,"column":2},"end":{"line":14,"column":3}},{"start":{},"end":{}}],"line":8},"1":{"loc":{"start":{"line":10,"column":4},"end":{"line":12,"column":5}},"type":"if","locations":[{"start":{"line":10,"column":4},"end":{"line":12,"column":5}},{"start":{},"end":{}}],"line":10}},"s":{"0":2,"1":2,"2":2,"3":2,"4":2,"5":3,"6":3,"7":2,"8":2,"9":1,"10":1},"f":{"0":3},"b":{"0":[2,1],"1":[1,1]},"_coverageSchema":"1a1c01bbd47fc00a2c39e90264f33305004495a9","hash":"d6ca2f998bd144076f4e81a630b7dfea79dcc1e9"}
}
